2022-03-13 01:35:16,365:root -> Application starting
2022-03-13 01:35:18,568:scrdraw -> scrdraw updating word
2022-03-13 01:36:09,215:root -> Application starting
2022-03-13 01:36:10,574:scrdraw -> <class 'scrdraw.Windows.cambridgeDict'> updating word
2022-03-13 01:36:27,425:root -> Application starting
2022-03-13 01:37:20,580:root -> Application starting
2022-03-13 01:37:22,035:scrdraw -> <class 'scrdraw.Windows.cambridgeDict'> updating word
2022-03-14 23:26:40,060:root -> Application starting
2022-03-14 23:26:41,811:scrdraw -> <class 'scrdraw.Windows.cambridgeDict'> updating word
2022-03-14 23:31:24,779:root -> Application starting
2022-03-14 23:31:26,379:scrdraw -> <class 'scrdraw.Windows.cambridgeDict'> updating word
2022-03-14 23:47:37,504:root -> Application starting
2022-03-14 23:47:39,359:scrdraw -> <class 'scrdraw.Windows.cambridgeDict'> updating word
2022-03-14 23:51:59,244:root -> Application starting
2022-03-14 23:52:01,374:scrdraw -> <class 'scrdraw.Windows.cambridgeDict'> updating word
2022-03-14 23:52:01,380:scrdraw -> <class 'scrdraw.Windows.cambridgeDict'> get info successfully
2022-03-14 23:53:05,215:root -> Application starting
2022-03-14 23:53:07,287:scrdraw -> <class 'scrdraw.Windows.cambridgeDict'> updating word
2022-03-14 23:53:07,293:scrdraw -> <class 'scrdraw.Windows.cambridgeDict'> get info successfully
2022-03-14 23:55:03,462:root -> Application starting
2022-03-14 23:55:04,892:scrdraw -> <class 'scrdraw.Windows.cambridgeDict'> updating word
2022-03-14 23:56:25,637:root -> Application starting
2022-03-14 23:56:27,013:scrdraw -> <class 'scrdraw.Windows.cambridgeDict'> updating word
2022-03-14 23:56:37,963:root -> Application starting
2022-03-14 23:56:39,272:scrdraw -> <class 'scrdraw.Windows.cambridgeDict'> updating word
2022-03-15 23:59:18,310:root -> Application starting
2022-03-15 23:59:27,870:scrdraw -> <class 'scrdraw.Windows.cambridgeDict'> updating word
2022-03-15 23:59:36,220:root -> Application starting
2022-03-15 23:59:37,430:scrdraw -> <class 'scrdraw.Windows.cambridgeDict'> updating word
2022-03-15 23:59:48,930:root -> Application starting
2022-03-15 23:59:52,450:scrdraw -> <class 'scrdraw.Windows.cambridgeDict'> updating word
2022-03-16 00:52:08,644:root -> Application starting
2022-03-16 00:54:10,975:root -> Application starting
2022-03-16 00:54:13,594:scrdraw -> <class 'scrdraw.Windows.cambridgeDict'> updating word
2022-03-16 00:54:13,600:urllib3.connectionpool -> Starting new HTTPS connection (1): dictionary.cambridge.org:443
2022-03-16 00:54:14,926:urllib3.connectionpool -> https://dictionary.cambridge.org:443 "GET /dictionary/english-chinese-traditional/ HTTP/1.1" 200 None
2022-03-16 00:54:14,959:parseLookup -> No body found
2022-03-16 00:58:10,174:root -> Application starting
2022-03-16 00:58:11,724:scrdraw -> <class 'scrdraw.Windows.cambridgeDict'> updating word
2022-03-16 00:58:11,724:urllib3.connectionpool -> Starting new HTTPS connection (1): dictionary.cambridge.org:443
2022-03-16 00:58:12,604:urllib3.connectionpool -> https://dictionary.cambridge.org:443 "GET /dictionary/english-chinese-traditional/ HTTP/1.1" 200 None
2022-03-16 00:58:12,634:parseLookup -> No body found
2022-03-16 01:00:42,275:root -> Application starting
2022-03-16 01:00:43,862:scrdraw -> <class 'scrdraw.Windows.cambridgeDict'> updating word
2022-03-16 01:00:43,870:urllib3.connectionpool -> Starting new HTTPS connection (1): dictionary.cambridge.org:443
2022-03-16 01:00:44,565:urllib3.connectionpool -> https://dictionary.cambridge.org:443 "GET /dictionary/english-chinese-traditional/ HTTP/1.1" 200 None
2022-03-16 01:00:44,601:parseLookup -> Hl
2022-03-16 01:03:34,043:root -> Application starting
2022-03-16 01:03:35,624:scrdraw -> <class 'scrdraw.Windows.cambridgeDict'> updating word
2022-03-16 01:03:35,627:urllib3.connectionpool -> Starting new HTTPS connection (1): dictionary.cambridge.org:443
2022-03-16 01:03:36,234:urllib3.connectionpool -> https://dictionary.cambridge.org:443 "GET /dictionary/english-chinese-traditional/ HTTP/1.1" 200 None
2022-03-16 01:03:36,274:parseLookup -> No body found
2022-03-16 01:04:33,794:root -> Application starting
2022-03-16 01:04:35,084:scrdraw -> <class 'scrdraw.Windows.cambridgeDict'> updating word
2022-03-16 01:04:35,090:urllib3.connectionpool -> Starting new HTTPS connection (1): dictionary.cambridge.org:443
2022-03-16 01:04:35,773:urllib3.connectionpool -> https://dictionary.cambridge.org:443 "GET /dictionary/english-chinese-traditional/help HTTP/1.1" 200 None
2022-03-16 01:04:35,834:parseLookup -> Hl
2022-03-16 01:04:35,839:scrdraw -> <class 'scrdraw.Windows.cambridgeDict'> get info successfully
2022-03-16 01:06:34,045:root -> Application starting
2022-03-16 01:06:35,233:scrdraw -> <class 'scrdraw.Windows.cambridgeDict'> updating word
2022-03-16 01:06:35,239:urllib3.connectionpool -> Starting new HTTPS connection (1): dictionary.cambridge.org:443
2022-03-16 01:06:35,951:urllib3.connectionpool -> https://dictionary.cambridge.org:443 "GET /dictionary/english-chinese-traditional/help HTTP/1.1" 200 None
2022-03-16 01:06:36,028:parseLookup -> Hl
2022-03-16 01:06:36,032:scrdraw -> <class 'scrdraw.Windows.cambridgeDict'> get info successfully
2022-03-16 01:06:36,036:scrdraw -> Successfully display new word
2022-03-16 01:06:36,036:scrdraw -> push update word to dicts
2022-03-20 15:40:58,491:root -> Application starting
2022-03-20 15:41:13,011:scrdraw -> <class 'scrdraw.Windows.cambridgeDict'> updating word
2022-03-20 15:41:13,021:urllib3.connectionpool -> Starting new HTTPS connection (1): dictionary.cambridge.org:443
2022-03-20 15:41:13,561:urllib3.connectionpool -> https://dictionary.cambridge.org:443 "GET /dictionary/english-chinese-traditional/Belize HTTP/1.1" 302 0
2022-03-20 15:41:13,876:urllib3.connectionpool -> https://dictionary.cambridge.org:443 "GET /dictionary/english-chinese-traditional/belize?q=Belize HTTP/1.1" 200 None
2022-03-20 15:41:13,931:parseLookup -> Hl
2022-03-20 15:41:13,931:scrdraw -> <class 'scrdraw.Windows.cambridgeDict'> get info successfully
2022-03-20 15:41:13,931:scrdraw -> Successfully display new word
2022-03-20 15:41:13,931:scrdraw -> push update word to dicts
2022-03-20 15:41:58,691:scrdraw -> <class 'scrdraw.Windows.cambridgeDict'> updating word
2022-03-20 15:41:58,696:urllib3.connectionpool -> Starting new HTTPS connection (1): dictionary.cambridge.org:443
2022-03-20 15:41:59,221:urllib3.connectionpool -> https://dictionary.cambridge.org:443 "GET /dictionary/english-chinese-traditional/intrigude HTTP/1.1" 302 0
2022-03-20 15:41:59,481:urllib3.connectionpool -> https://dictionary.cambridge.org:443 "GET /dictionary/english-chinese-traditional/ HTTP/1.1" 200 None
2022-03-20 15:41:59,581:parseLookup -> No body found
2022-03-20 15:42:05,701:root -> Application starting
2022-03-20 15:42:09,981:scrdraw -> <class 'scrdraw.Windows.cambridgeDict'> updating word
2022-03-20 15:42:09,982:urllib3.connectionpool -> Starting new HTTPS connection (1): dictionary.cambridge.org:443
2022-03-20 15:42:10,581:urllib3.connectionpool -> https://dictionary.cambridge.org:443 "GET /dictionary/english-chinese-traditional/intrigued HTTP/1.1" 302 0
2022-03-20 15:42:11,101:urllib3.connectionpool -> https://dictionary.cambridge.org:443 "GET /dictionary/english-chinese-traditional/intrigue?q=intrigued HTTP/1.1" 200 None
2022-03-20 15:42:11,168:parseLookup -> Hl
2022-03-20 15:42:11,168:scrdraw -> <class 'scrdraw.Windows.cambridgeDict'> get info successfully
2022-03-20 15:42:11,171:scrdraw -> Successfully display new word
2022-03-20 15:42:11,171:scrdraw -> push update word to dicts
2022-03-20 16:05:44,501:scrdraw -> <class 'scrdraw.Windows.cambridgeDict'> updating word
2022-03-20 16:05:44,506:urllib3.connectionpool -> Starting new HTTPS connection (1): dictionary.cambridge.org:443
2022-03-20 16:05:45,045:urllib3.connectionpool -> https://dictionary.cambridge.org:443 "GET /dictionary/english-chinese-traditional/mammoths HTTP/1.1" 302 0
2022-03-20 16:05:45,368:urllib3.connectionpool -> https://dictionary.cambridge.org:443 "GET /dictionary/english-chinese-traditional/mammoth?q=mammoths HTTP/1.1" 200 None
2022-03-20 16:05:45,434:parseLookup -> Hl
2022-03-20 16:05:45,435:scrdraw -> <class 'scrdraw.Windows.cambridgeDict'> get info successfully
2022-03-20 16:05:45,436:scrdraw -> Successfully display new word
2022-03-20 16:05:45,436:scrdraw -> push update word to dicts
2022-04-04 18:00:35,705:root -> Application starting
2022-04-04 18:00:37,779:scrdraw -> <class 'scrdraw.Windows.cambridgeDict'> updating word
2022-04-04 18:00:37,783:urllib3.connectionpool -> Starting new HTTPS connection (1): dictionary.cambridge.org:443
2022-04-04 18:00:38,448:urllib3.connectionpool -> https://dictionary.cambridge.org:443 "GET /dictionary/english-chinese-traditional/hello HTTP/1.1" 200 None
2022-04-04 18:00:38,524:parseLookup -> Hl
2022-04-04 18:00:38,527:scrdraw -> <class 'scrdraw.Windows.cambridgeDict'> get info successfully
2022-04-04 18:00:38,530:scrdraw -> Successfully display new word
2022-04-04 18:00:38,530:scrdraw -> push update word to dicts
2022-04-04 18:07:18,908:root -> Application starting
2022-04-04 18:07:20,614:scrdraw -> <class 'scrdraw.Windows.cambridgeDict'> updating word
2022-04-04 18:07:20,618:urllib3.connectionpool -> Starting new HTTPS connection (1): dictionary.cambridge.org:443
2022-04-04 18:07:21,523:urllib3.connectionpool -> https://dictionary.cambridge.org:443 "GET /dictionary/english-chinese-traditional/hello HTTP/1.1" 200 None
2022-04-04 18:07:21,812:parseLookup -> Hl
2022-04-04 18:07:21,816:scrdraw -> <class 'scrdraw.Windows.cambridgeDict'> get info successfully
2022-04-04 18:07:21,819:scrdraw -> Successfully display new word "hello" 
2022-04-04 18:07:21,819:scrdraw -> push update word to dicts
2022-04-04 18:07:25,560:scrdraw -> <class 'scrdraw.Windows.cambridgeDict'> updating word
2022-04-04 18:07:25,563:urllib3.connectionpool -> Starting new HTTPS connection (1): dictionary.cambridge.org:443
2022-04-04 18:07:26,166:urllib3.connectionpool -> https://dictionary.cambridge.org:443 "GET /dictionary/english-chinese-traditional/hello HTTP/1.1" 200 None
2022-04-04 18:07:26,326:parseLookup -> Hl
2022-04-04 18:07:26,330:scrdraw -> <class 'scrdraw.Windows.cambridgeDict'> get info successfully
2022-04-04 18:07:26,332:scrdraw -> Successfully display new word "hello" 
2022-04-04 18:07:26,332:scrdraw -> push update word to dicts
2022-04-04 18:07:30,128:scrdraw -> <class 'scrdraw.Windows.cambridgeDict'> updating word
2022-04-04 18:07:30,133:urllib3.connectionpool -> Starting new HTTPS connection (1): dictionary.cambridge.org:443
2022-04-04 18:07:31,077:urllib3.connectionpool -> https://dictionary.cambridge.org:443 "GET /dictionary/english-chinese-traditional/srand HTTP/1.1" 302 0
2022-04-04 18:07:31,509:urllib3.connectionpool -> https://dictionary.cambridge.org:443 "GET /dictionary/english-chinese-traditional/ HTTP/1.1" 200 None
2022-04-04 18:07:31,562:parseLookup -> No body found
2022-04-04 18:07:45,988:root -> Application starting
2022-04-04 18:09:10,123:root -> Application starting
2022-04-04 18:09:13,017:scrdraw -> <class 'scrdraw.Windows.cambridgeDict'> updating word
2022-04-04 18:09:13,024:urllib3.connectionpool -> Starting new HTTPS connection (1): dictionary.cambridge.org:443
2022-04-04 18:09:13,943:urllib3.connectionpool -> https://dictionary.cambridge.org:443 "GET /dictionary/english-chinese-traditional/hello HTTP/1.1" 200 None
2022-04-04 18:09:14,117:parseLookup -> Hl
2022-04-04 18:09:14,119:scrdraw -> <class 'scrdraw.Windows.cambridgeDict'> get info successfully
2022-04-04 18:09:14,120:scrdraw -> Successfully display new word "hello" 
2022-04-04 18:09:14,121:scrdraw -> push update word to dicts
2022-04-04 18:09:46,806:scrdraw -> <class 'scrdraw.Windows.cambridgeDict'> updating word
2022-04-04 18:09:46,812:urllib3.connectionpool -> Starting new HTTPS connection (1): dictionary.cambridge.org:443
2022-04-04 18:09:47,279:urllib3.connectionpool -> https://dictionary.cambridge.org:443 "GET /dictionary/english-chinese-traditional/godd HTTP/1.1" 302 0
2022-04-04 18:09:47,498:urllib3.connectionpool -> https://dictionary.cambridge.org:443 "GET /dictionary/english-chinese-traditional/ HTTP/1.1" 200 None
2022-04-04 18:09:47,531:parseLookup -> No body found
2022-04-04 18:09:51,903:root -> Application starting
2022-04-04 18:09:54,293:scrdraw -> <class 'scrdraw.Windows.cambridgeDict'> updating word
2022-04-04 18:09:54,299:urllib3.connectionpool -> Starting new HTTPS connection (1): dictionary.cambridge.org:443
2022-04-04 18:09:55,114:urllib3.connectionpool -> https://dictionary.cambridge.org:443 "GET /dictionary/english-chinese-traditional/stand HTTP/1.1" 200 None
2022-04-04 18:09:55,437:parseLookup -> Hl
2022-04-04 18:09:55,449:scrdraw -> <class 'scrdraw.Windows.cambridgeDict'> get info successfully
2022-04-04 18:09:58,395:root -> Application starting
2022-04-04 18:10:00,220:scrdraw -> <class 'scrdraw.Windows.cambridgeDict'> updating word
2022-04-04 18:10:00,223:urllib3.connectionpool -> Starting new HTTPS connection (1): dictionary.cambridge.org:443
2022-04-04 18:10:00,960:urllib3.connectionpool -> https://dictionary.cambridge.org:443 "GET /dictionary/english-chinese-traditional/fall HTTP/1.1" 200 None
2022-04-04 18:10:01,294:parseLookup -> Hl
2022-04-04 18:10:01,310:scrdraw -> <class 'scrdraw.Windows.cambridgeDict'> get info successfully
2022-04-04 18:10:08,598:root -> Application starting
2022-04-04 18:10:11,739:scrdraw -> <class 'scrdraw.Windows.cambridgeDict'> updating word
2022-04-04 18:10:11,744:urllib3.connectionpool -> Starting new HTTPS connection (1): dictionary.cambridge.org:443
2022-04-04 18:10:12,463:urllib3.connectionpool -> https://dictionary.cambridge.org:443 "GET /dictionary/english-chinese-traditional/come HTTP/1.1" 200 None
2022-04-04 18:10:12,649:parseLookup -> Hl
2022-04-04 18:10:12,660:scrdraw -> <class 'scrdraw.Windows.cambridgeDict'> get info successfully
2022-04-04 18:12:35,214:root -> Application starting
2022-04-04 18:12:37,469:scrdraw -> <class 'scrdraw.Windows.cambridgeDict'> updating word
2022-04-04 18:12:37,476:urllib3.connectionpool -> Starting new HTTPS connection (1): dictionary.cambridge.org:443
2022-04-04 18:12:38,169:urllib3.connectionpool -> https://dictionary.cambridge.org:443 "GET /dictionary/english-chinese-traditional/examp;e HTTP/1.1" 302 0
2022-04-04 18:12:38,539:urllib3.connectionpool -> https://dictionary.cambridge.org:443 "GET /dictionary/english-chinese-traditional/ HTTP/1.1" 200 None
2022-04-04 18:12:38,593:parseLookup -> No body found
2022-04-04 18:12:40,644:root -> Application starting
2022-04-04 18:12:42,762:scrdraw -> <class 'scrdraw.Windows.cambridgeDict'> updating word
2022-04-04 18:12:42,768:urllib3.connectionpool -> Starting new HTTPS connection (1): dictionary.cambridge.org:443
2022-04-04 18:12:43,445:urllib3.connectionpool -> https://dictionary.cambridge.org:443 "GET /dictionary/english-chinese-traditional/example HTTP/1.1" 200 None
2022-04-04 18:12:43,596:scrdraw -> <class 'scrdraw.Windows.cambridgeDict'> get info successfully
2022-04-04 18:12:43,599:scrdraw -> Successfully display new word "example" 
2022-04-04 18:12:43,599:scrdraw -> push update word to dicts
2022-04-04 18:12:46,007:scrdraw -> <class 'scrdraw.Windows.cambridgeDict'> updating word
2022-04-04 18:12:46,012:urllib3.connectionpool -> Starting new HTTPS connection (1): dictionary.cambridge.org:443
2022-04-04 18:12:46,694:urllib3.connectionpool -> https://dictionary.cambridge.org:443 "GET /dictionary/english-chinese-traditional/hello HTTP/1.1" 200 None
2022-04-04 18:12:46,856:scrdraw -> <class 'scrdraw.Windows.cambridgeDict'> get info successfully
2022-04-04 18:12:46,857:scrdraw -> Successfully display new word "hello" 
2022-04-04 18:12:46,857:scrdraw -> push update word to dicts
2022-04-04 18:12:51,447:scrdraw -> <class 'scrdraw.Windows.cambridgeDict'> updating word
2022-04-04 18:12:51,452:urllib3.connectionpool -> Starting new HTTPS connection (1): dictionary.cambridge.org:443
2022-04-04 18:12:52,269:urllib3.connectionpool -> https://dictionary.cambridge.org:443 "GET /dictionary/english-chinese-traditional/fly HTTP/1.1" 200 None
2022-04-04 18:12:52,523:scrdraw -> <class 'scrdraw.Windows.cambridgeDict'> get info successfully
2022-04-24 17:47:22,756:root -> Application starting
2022-04-24 17:47:37,927:scrdraw -> <class 'scrdraw.Windows.cambridgeDict'> updating word
2022-04-24 17:47:37,934:urllib3.connectionpool -> Starting new HTTPS connection (1): dictionary.cambridge.org:443
2022-04-24 17:47:38,682:urllib3.connectionpool -> https://dictionary.cambridge.org:443 "GET /dictionary/english-chinese-traditional/distribute HTTP/1.1" 200 None
2022-04-24 17:47:38,746:scrdraw -> <class 'scrdraw.Windows.cambridgeDict'> get info successfully
2022-04-24 17:47:38,747:scrdraw -> Successfully display new word "distribute" 
2022-04-24 17:47:38,747:scrdraw -> push update word to dicts
2022-04-24 17:49:48,080:scrdraw -> <class 'scrdraw.Windows.cambridgeDict'> updating word
2022-04-24 17:49:48,086:urllib3.connectionpool -> Starting new HTTPS connection (1): dictionary.cambridge.org:443
2022-04-24 17:49:48,928:urllib3.connectionpool -> https://dictionary.cambridge.org:443 "GET /dictionary/english-chinese-traditional/leftover HTTP/1.1" 200 None
2022-04-24 17:49:48,973:scrdraw -> <class 'scrdraw.Windows.cambridgeDict'> get info successfully
2022-04-24 17:49:48,974:scrdraw -> Successfully display new word "leftover" 
2022-04-24 17:49:48,974:scrdraw -> push update word to dicts
2022-04-24 17:51:34,014:scrdraw -> <class 'scrdraw.Windows.cambridgeDict'> updating word
2022-04-24 17:51:34,018:urllib3.connectionpool -> Starting new HTTPS connection (1): dictionary.cambridge.org:443
2022-04-24 17:51:35,017:urllib3.connectionpool -> https://dictionary.cambridge.org:443 "GET /dictionary/english-chinese-traditional/endure HTTP/1.1" 200 None
2022-04-24 17:51:35,080:scrdraw -> <class 'scrdraw.Windows.cambridgeDict'> get info successfully
2022-04-24 17:51:35,081:scrdraw -> Successfully display new word "endure" 
2022-04-24 17:51:35,081:scrdraw -> push update word to dicts
2022-04-24 17:55:04,946:scrdraw -> <class 'scrdraw.Windows.cambridgeDict'> updating word
2022-04-24 17:55:04,952:urllib3.connectionpool -> Starting new HTTPS connection (1): dictionary.cambridge.org:443
2022-04-24 17:55:05,656:urllib3.connectionpool -> https://dictionary.cambridge.org:443 "GET /dictionary/english-chinese-traditional/ok HTTP/1.1" 200 None
2022-04-24 17:55:05,774:scrdraw -> <class 'scrdraw.Windows.cambridgeDict'> get info successfully
2022-04-24 17:55:05,777:scrdraw -> Successfully display new word "ok" 
2022-04-24 17:55:05,778:scrdraw -> push update word to dicts
2022-04-24 17:55:17,359:scrdraw -> <class 'scrdraw.Windows.cambridgeDict'> updating word
2022-04-24 17:55:17,365:urllib3.connectionpool -> Starting new HTTPS connection (1): dictionary.cambridge.org:443
2022-04-24 17:55:17,974:urllib3.connectionpool -> https://dictionary.cambridge.org:443 "GET /dictionary/english-chinese-traditional/yyy HTTP/1.1" 302 0
2022-04-24 17:55:18,249:urllib3.connectionpool -> https://dictionary.cambridge.org:443 "GET /dictionary/english-chinese-traditional/ HTTP/1.1" 200 None
2022-04-24 17:55:18,285:parseLookup -> No body found
2022-04-27 22:37:18,467:root -> Application starting
2022-04-27 22:37:20,789:scrdraw -> <class 'scrdraw.Windows.cambridgeDict'> updating word
2022-04-27 22:37:20,789:urllib3.connectionpool -> Starting new HTTPS connection (1): dictionary.cambridge.org:443
2022-04-27 22:37:23,258:urllib3.connectionpool -> https://dictionary.cambridge.org:443 "GET /dictionary/english-chinese-traditional/slip HTTP/1.1" 200 None
2022-04-27 22:37:23,321:scrdraw -> <class 'scrdraw.Windows.cambridgeDict'> get info successfully
2022-04-27 22:37:23,321:scrdraw -> Successfully display new word "slip" 
2022-04-27 22:37:23,321:scrdraw -> push update word to dicts
2022-04-27 22:38:38,858:scrdraw -> <class 'scrdraw.Windows.cambridgeDict'> updating word
2022-04-27 22:38:38,858:urllib3.connectionpool -> Starting new HTTPS connection (1): dictionary.cambridge.org:443
2022-04-27 22:38:39,643:urllib3.connectionpool -> https://dictionary.cambridge.org:443 "GET /dictionary/english-chinese-traditional/seal HTTP/1.1" 200 None
2022-04-27 22:38:39,722:scrdraw -> <class 'scrdraw.Windows.cambridgeDict'> get info successfully
2022-04-27 22:38:39,722:scrdraw -> Successfully display new word "seal" 
2022-04-27 22:38:39,722:scrdraw -> push update word to dicts
2022-04-27 22:39:17,575:scrdraw -> <class 'scrdraw.Windows.cambridgeDict'> updating word
2022-04-27 22:39:17,576:urllib3.connectionpool -> Starting new HTTPS connection (1): dictionary.cambridge.org:443
2022-04-27 22:39:18,581:urllib3.connectionpool -> https://dictionary.cambridge.org:443 "GET /dictionary/english-chinese-traditional/recruit HTTP/1.1" 200 None
2022-04-27 22:39:26,347:root -> Application starting
2022-04-27 22:39:33,566:scrdraw -> <class 'scrdraw.Windows.cambridgeDict'> updating word
2022-04-27 22:39:33,566:urllib3.connectionpool -> Starting new HTTPS connection (1): dictionary.cambridge.org:443
2022-04-27 22:39:34,521:urllib3.connectionpool -> https://dictionary.cambridge.org:443 "GET /dictionary/english-chinese-traditional/recruit HTTP/1.1" 200 None
2022-04-27 23:07:05,930:root -> Application starting
2022-04-27 23:10:11,953:root -> Application starting
2022-04-27 23:10:14,177:scrdraw.contentWindow -> <class 'scrdraw.contentWindow.cambridgeDict'> updating word
2022-04-27 23:15:38,441:root -> Application starting
2022-04-27 23:15:41,304:scrdraw.contentWindow -> <class 'scrdraw.contentWindow.cambridgeDict'> updating word
2022-04-27 23:15:41,304:urllib3.connectionpool -> Starting new HTTPS connection (1): dictionary.cambridge.org:443
2022-04-27 23:15:42,139:urllib3.connectionpool -> https://dictionary.cambridge.org:443 "GET /dictionary/english-chinese-traditional/hello HTTP/1.1" 200 None
2022-04-27 23:15:42,202:scrdraw.contentWindow -> <class 'scrdraw.contentWindow.cambridgeDict'> get info successfully
2022-04-27 23:15:42,205:scrdraw.contentWindow -> Successfully display new word "hello" 
2022-04-27 23:15:42,205:scrdraw.contentWindow -> push update word to dicts
2022-04-27 23:16:44,302:root -> Application starting
2022-04-27 23:16:47,080:scrdraw.contentWindow -> <class 'scrdraw.contentWindow.cambridgeDict'> updating word
2022-04-27 23:16:47,080:urllib3.connectionpool -> Starting new HTTPS connection (1): dictionary.cambridge.org:443
2022-04-27 23:16:48,079:urllib3.connectionpool -> https://dictionary.cambridge.org:443 "GET /dictionary/english-chinese-traditional/hello HTTP/1.1" 200 None
2022-04-27 23:16:48,157:scrdraw.contentWindow -> <class 'scrdraw.contentWindow.cambridgeDict'> get info successfully
2022-04-27 23:16:48,157:scrdraw.contentWindow -> Successfully display new word "hello" 
2022-04-27 23:16:48,157:scrdraw.contentWindow -> push update word to dicts
2022-04-27 23:16:51,444:scrdraw.contentWindow -> <class 'scrdraw.contentWindow.cambridgeDict'> updating word
2022-04-27 23:16:51,444:urllib3.connectionpool -> Starting new HTTPS connection (1): dictionary.cambridge.org:443
2022-04-27 23:16:52,122:urllib3.connectionpool -> https://dictionary.cambridge.org:443 "GET /dictionary/english-chinese-traditional/ok HTTP/1.1" 200 None
2022-04-27 23:16:52,232:scrdraw.contentWindow -> <class 'scrdraw.contentWindow.cambridgeDict'> get info successfully
2022-04-27 23:16:52,232:scrdraw.contentWindow -> Successfully display new word "ok" 
2022-04-27 23:16:52,232:scrdraw.contentWindow -> push update word to dicts
2022-04-29 23:44:37,995:root -> Application starting
2022-04-29 23:44:40,618:scrdraw.contentWindow -> <class 'scrdraw.contentWindow.cambridgeDict'> updating word
2022-04-29 23:44:40,619:urllib3.connectionpool -> Starting new HTTPS connection (1): dictionary.cambridge.org:443
2022-04-29 23:44:41,427:urllib3.connectionpool -> https://dictionary.cambridge.org:443 "GET /dictionary/english-chinese-traditional/hello HTTP/1.1" 200 None
2022-04-29 23:44:41,547:scrdraw.contentWindow -> <class 'scrdraw.contentWindow.cambridgeDict'> get info successfully
2022-04-29 23:44:41,556:scrdraw.contentWindow -> Successfully display new word "hello" 
2022-04-29 23:44:41,556:scrdraw.contentWindow -> push update word to dicts
2022-04-29 23:46:44,192:root -> Application starting
2022-04-29 23:46:45,985:scrdraw.contentWindow -> <class 'scrdraw.contentWindow.cambridgeDict'> updating word
2022-04-29 23:46:45,991:urllib3.connectionpool -> Starting new HTTPS connection (1): dictionary.cambridge.org:443
2022-04-29 23:46:46,627:urllib3.connectionpool -> https://dictionary.cambridge.org:443 "GET /dictionary/english-chinese-traditional/hello HTTP/1.1" 200 None
2022-04-29 23:46:46,711:scrdraw.contentWindow -> <class 'scrdraw.contentWindow.cambridgeDict'> get info successfully
2022-04-29 23:46:46,714:scrdraw.contentWindow -> Successfully display new word "hello" 
2022-04-29 23:46:46,718:urllib3.connectionpool -> Starting new HTTPS connection (1): www.freecollocation.com:443
2022-04-29 23:46:47,063:urllib3.connectionpool -> https://www.freecollocation.com:443 "GET /search?word= HTTP/1.1" 301 0
2022-04-29 23:46:47,066:urllib3.connectionpool -> Starting new HTTP connection (1): www.freecollocation.com:80
2022-04-29 23:46:47,333:urllib3.connectionpool -> http://www.freecollocation.com:80 "GET / HTTP/1.1" 302 0
2022-04-29 23:46:47,540:urllib3.connectionpool -> https://www.freecollocation.com:443 "GET / HTTP/1.1" 200 None
2022-04-29 23:48:19,422:root -> Application starting
2022-04-29 23:48:27,246:scrdraw.contentWindow -> <class 'scrdraw.contentWindow.cambridgeDict'> updating word
2022-04-29 23:48:27,253:urllib3.connectionpool -> Starting new HTTPS connection (1): dictionary.cambridge.org:443
2022-04-29 23:48:27,943:urllib3.connectionpool -> https://dictionary.cambridge.org:443 "GET /dictionary/english-chinese-traditional/find HTTP/1.1" 200 None
2022-04-29 23:48:28,078:scrdraw.contentWindow -> <class 'scrdraw.contentWindow.cambridgeDict'> get info successfully
2022-04-29 23:49:30,612:root -> Application starting
2022-04-29 23:49:32,508:scrdraw.contentWindow -> <class 'scrdraw.contentWindow.cambridgeDict'> updating word
2022-04-29 23:49:32,515:urllib3.connectionpool -> Starting new HTTPS connection (1): dictionary.cambridge.org:443
2022-04-29 23:49:33,233:urllib3.connectionpool -> https://dictionary.cambridge.org:443 "GET /dictionary/english-chinese-traditional/find HTTP/1.1" 200 None
2022-04-29 23:49:33,311:scrdraw.contentWindow -> <class 'scrdraw.contentWindow.cambridgeDict'> get info successfully
2022-04-29 23:50:29,022:root -> Application starting
2022-04-29 23:50:30,582:scrdraw.contentWindow -> <class 'scrdraw.contentWindow.cambridgeDict'> updating word
2022-04-29 23:50:30,589:urllib3.connectionpool -> Starting new HTTPS connection (1): dictionary.cambridge.org:443
2022-04-29 23:50:31,294:urllib3.connectionpool -> https://dictionary.cambridge.org:443 "GET /dictionary/english-chinese-traditional/find HTTP/1.1" 200 None
2022-04-29 23:50:31,378:scrdraw.contentWindow -> <class 'scrdraw.contentWindow.cambridgeDict'> get info successfully
2022-04-30 15:23:06,519:root -> Application starting
2022-04-30 15:23:08,939:scrdraw.contentWindow -> <class 'scrdraw.contentWindow.cambridgeDict'> updating word
2022-04-30 15:23:08,947:urllib3.connectionpool -> Starting new HTTPS connection (1): dictionary.cambridge.org:443
2022-04-30 15:23:09,726:urllib3.connectionpool -> https://dictionary.cambridge.org:443 "GET /dictionary/english-chinese-traditional/hello HTTP/1.1" 200 None
2022-04-30 15:23:09,789:scrdraw.contentWindow -> <class 'scrdraw.contentWindow.cambridgeDict'> get info successfully
2022-04-30 15:23:09,789:scrdraw.contentWindow -> Successfully display new word "hello" 
2022-04-30 15:23:09,789:scrdraw.contentWindow -> push update word to dicts
2022-04-30 15:23:42,646:root -> Application starting
2022-04-30 15:23:45,686:scrdraw.contentWindow -> <class 'scrdraw.contentWindow.cambridgeDict'> updating word
2022-04-30 15:23:45,686:urllib3.connectionpool -> Starting new HTTPS connection (1): dictionary.cambridge.org:443
2022-04-30 15:23:46,490:urllib3.connectionpool -> https://dictionary.cambridge.org:443 "GET /dictionary/english-chinese-traditional/hello HTTP/1.1" 200 None
2022-04-30 15:23:46,538:scrdraw.contentWindow -> <class 'scrdraw.contentWindow.cambridgeDict'> get info successfully
2022-04-30 15:23:46,538:scrdraw.contentWindow -> Successfully display new word "hello" 
2022-04-30 15:23:46,553:urllib3.connectionpool -> Starting new HTTPS connection (1): www.freecollocation.com:443
2022-04-30 15:23:46,979:urllib3.connectionpool -> https://www.freecollocation.com:443 "GET /search?word= HTTP/1.1" 301 0
2022-04-30 15:23:46,994:urllib3.connectionpool -> Starting new HTTP connection (1): www.freecollocation.com:80
2022-04-30 15:23:47,291:urllib3.connectionpool -> http://www.freecollocation.com:80 "GET / HTTP/1.1" 302 0
2022-04-30 15:23:47,527:urllib3.connectionpool -> https://www.freecollocation.com:443 "GET / HTTP/1.1" 200 None
2022-04-30 15:23:58,853:root -> Application starting
2022-04-30 15:24:00,359:scrdraw.contentWindow -> <class 'scrdraw.contentWindow.cambridgeDict'> updating word
2022-04-30 15:24:00,374:urllib3.connectionpool -> Starting new HTTPS connection (1): dictionary.cambridge.org:443
2022-04-30 15:24:01,014:urllib3.connectionpool -> https://dictionary.cambridge.org:443 "GET /dictionary/english-chinese-traditional/find HTTP/1.1" 200 None
2022-04-30 15:24:01,203:scrdraw.contentWindow -> <class 'scrdraw.contentWindow.cambridgeDict'> get info successfully
2022-04-30 15:24:09,763:root -> Application starting
2022-04-30 15:24:11,630:scrdraw.contentWindow -> <class 'scrdraw.contentWindow.cambridgeDict'> updating word
2022-04-30 15:24:11,631:urllib3.connectionpool -> Starting new HTTPS connection (1): dictionary.cambridge.org:443
2022-04-30 15:24:12,194:urllib3.connectionpool -> https://dictionary.cambridge.org:443 "GET /dictionary/english-chinese-traditional/ome HTTP/1.1" 302 0
2022-04-30 15:24:12,422:urllib3.connectionpool -> https://dictionary.cambridge.org:443 "GET /dictionary/english-chinese-traditional/ HTTP/1.1" 200 None
2022-04-30 15:24:12,470:root -> No body found
2022-04-30 15:24:14,571:root -> Application starting
2022-04-30 15:24:16,937:scrdraw.contentWindow -> <class 'scrdraw.contentWindow.cambridgeDict'> updating word
2022-04-30 15:24:16,937:urllib3.connectionpool -> Starting new HTTPS connection (1): dictionary.cambridge.org:443
2022-04-30 15:24:17,612:urllib3.connectionpool -> https://dictionary.cambridge.org:443 "GET /dictionary/english-chinese-traditional/come HTTP/1.1" 200 None
2022-04-30 15:24:17,707:scrdraw.contentWindow -> <class 'scrdraw.contentWindow.cambridgeDict'> get info successfully
2022-04-30 15:24:21,415:root -> Application starting
2022-04-30 15:24:23,075:scrdraw.contentWindow -> <class 'scrdraw.contentWindow.cambridgeDict'> updating word
2022-04-30 15:24:23,075:urllib3.connectionpool -> Starting new HTTPS connection (1): dictionary.cambridge.org:443
2022-04-30 15:24:23,755:urllib3.connectionpool -> https://dictionary.cambridge.org:443 "GET /dictionary/english-chinese-traditional/ok HTTP/1.1" 200 None
2022-04-30 15:24:23,834:scrdraw.contentWindow -> <class 'scrdraw.contentWindow.cambridgeDict'> get info successfully
2022-04-30 15:24:23,834:scrdraw.contentWindow -> Successfully display new word "ok" 
2022-04-30 15:24:23,834:urllib3.connectionpool -> Starting new HTTPS connection (1): www.freecollocation.com:443
2022-04-30 15:24:24,201:urllib3.connectionpool -> https://www.freecollocation.com:443 "GET /search?word= HTTP/1.1" 301 0
2022-04-30 15:24:24,201:urllib3.connectionpool -> Starting new HTTP connection (1): www.freecollocation.com:80
2022-04-30 15:24:24,461:urllib3.connectionpool -> http://www.freecollocation.com:80 "GET / HTTP/1.1" 302 0
2022-04-30 15:24:24,681:urllib3.connectionpool -> https://www.freecollocation.com:443 "GET / HTTP/1.1" 200 None
2022-04-30 15:25:28,711:root -> Application starting
2022-04-30 15:25:30,058:scrdraw.contentWindow -> <class 'scrdraw.contentWindow.cambridgeDict'> updating word
2022-04-30 15:25:30,058:urllib3.connectionpool -> Starting new HTTPS connection (1): dictionary.cambridge.org:443
2022-04-30 15:25:30,642:urllib3.connectionpool -> https://dictionary.cambridge.org:443 "GET /dictionary/english-chinese-traditional/wis HTTP/1.1" 302 0
2022-04-30 15:25:30,933:urllib3.connectionpool -> https://dictionary.cambridge.org:443 "GET /dictionary/english-chinese-traditional/ HTTP/1.1" 200 None
2022-04-30 15:25:30,986:root -> No body found
2022-04-30 15:25:33,130:root -> Application starting
2022-04-30 15:25:35,321:scrdraw.contentWindow -> <class 'scrdraw.contentWindow.cambridgeDict'> updating word
2022-04-30 15:25:35,321:urllib3.connectionpool -> Starting new HTTPS connection (1): dictionary.cambridge.org:443
2022-04-30 15:25:36,125:urllib3.connectionpool -> https://dictionary.cambridge.org:443 "GET /dictionary/english-chinese-traditional/wise HTTP/1.1" 200 None
2022-04-30 15:25:36,221:scrdraw.contentWindow -> <class 'scrdraw.contentWindow.cambridgeDict'> get info successfully
2022-04-30 15:25:36,221:scrdraw.contentWindow -> Successfully display new word "wise" 
2022-04-30 15:25:36,221:urllib3.connectionpool -> Starting new HTTPS connection (1): www.freecollocation.com:443
2022-04-30 15:25:36,584:urllib3.connectionpool -> https://www.freecollocation.com:443 "GET /search?word= HTTP/1.1" 301 0
2022-04-30 15:25:36,584:urllib3.connectionpool -> Starting new HTTP connection (1): www.freecollocation.com:80
2022-04-30 15:25:36,855:urllib3.connectionpool -> http://www.freecollocation.com:80 "GET / HTTP/1.1" 302 0
2022-04-30 15:25:37,083:urllib3.connectionpool -> https://www.freecollocation.com:443 "GET / HTTP/1.1" 200 None
2022-04-30 15:26:30,438:root -> Application starting
2022-04-30 15:26:32,412:scrdraw.contentWindow -> <class 'scrdraw.contentWindow.cambridgeDict'> updating word
2022-04-30 15:26:32,412:urllib3.connectionpool -> Starting new HTTPS connection (1): dictionary.cambridge.org:443
2022-04-30 15:26:33,187:urllib3.connectionpool -> https://dictionary.cambridge.org:443 "GET /dictionary/english-chinese-traditional/hello HTTP/1.1" 200 None
2022-04-30 15:26:33,251:scrdraw.contentWindow -> <class 'scrdraw.contentWindow.cambridgeDict'> get info successfully
2022-04-30 15:26:33,251:scrdraw.contentWindow -> Successfully display new word "hello" 
2022-04-30 15:26:33,251:urllib3.connectionpool -> Starting new HTTPS connection (1): www.freecollocation.com:443
2022-04-30 15:26:33,597:urllib3.connectionpool -> https://www.freecollocation.com:443 "GET /search?word= HTTP/1.1" 301 0
2022-04-30 15:26:33,597:urllib3.connectionpool -> Starting new HTTP connection (1): www.freecollocation.com:80
2022-04-30 15:26:33,841:urllib3.connectionpool -> http://www.freecollocation.com:80 "GET / HTTP/1.1" 302 0
2022-04-30 15:26:34,046:urllib3.connectionpool -> https://www.freecollocation.com:443 "GET / HTTP/1.1" 200 None
2022-05-01 01:22:30,976:root -> Application starting
2022-05-01 01:22:32,705:scrdraw.contentWindow -> <class 'scrdraw.contentWindow.cambridgeDict'> updating word
2022-05-01 01:22:32,707:urllib3.connectionpool -> Starting new HTTPS connection (1): dictionary.cambridge.org:443
2022-05-01 01:22:33,379:urllib3.connectionpool -> https://dictionary.cambridge.org:443 "GET /dictionary/english-chinese-traditional/hello HTTP/1.1" 200 None
2022-05-01 01:22:33,463:scrdraw.contentWindow -> <class 'scrdraw.contentWindow.cambridgeDict'> get info successfully
2022-05-01 01:22:33,463:scrdraw.contentWindow -> Successfully display new word "hello" 
2022-05-01 01:22:33,475:urllib3.connectionpool -> Starting new HTTPS connection (1): www.freecollocation.com:443
2022-05-01 01:22:33,955:urllib3.connectionpool -> https://www.freecollocation.com:443 "GET /search?word= HTTP/1.1" 301 0
2022-05-01 01:22:33,968:urllib3.connectionpool -> Starting new HTTP connection (1): www.freecollocation.com:80
2022-05-01 01:22:34,203:urllib3.connectionpool -> http://www.freecollocation.com:80 "GET / HTTP/1.1" 302 0
2022-05-01 01:22:34,415:urllib3.connectionpool -> https://www.freecollocation.com:443 "GET / HTTP/1.1" 200 None
2022-05-01 01:23:01,400:root -> Application starting
2022-05-01 01:23:03,683:scrdraw.contentWindow -> <class 'scrdraw.contentWindow.cambridgeDict'> updating word
2022-05-01 01:23:03,687:urllib3.connectionpool -> Starting new HTTPS connection (1): dictionary.cambridge.org:443
2022-05-01 01:23:04,394:urllib3.connectionpool -> https://dictionary.cambridge.org:443 "GET /dictionary/english-chinese-traditional/hello HTTP/1.1" 200 None
2022-05-01 01:23:04,454:scrdraw.contentWindow -> <class 'scrdraw.contentWindow.cambridgeDict'> get info successfully
2022-05-01 01:23:04,465:scrdraw.contentWindow -> Successfully display new word "hello" 
2022-05-01 01:23:04,465:urllib3.connectionpool -> Starting new HTTPS connection (1): www.freecollocation.com:443
2022-05-01 01:23:04,839:urllib3.connectionpool -> https://www.freecollocation.com:443 "GET /search?word= HTTP/1.1" 301 0
2022-05-01 01:23:04,839:urllib3.connectionpool -> Starting new HTTP connection (1): www.freecollocation.com:80
2022-05-01 01:23:05,126:urllib3.connectionpool -> http://www.freecollocation.com:80 "GET / HTTP/1.1" 302 0
2022-05-01 01:23:05,334:urllib3.connectionpool -> https://www.freecollocation.com:443 "GET / HTTP/1.1" 200 None
2022-05-01 01:24:36,648:root -> Application starting
2022-05-01 01:24:40,151:scrdraw.contentWindow -> <class 'scrdraw.contentWindow.cambridgeDict'> updating word
2022-05-01 01:24:40,152:urllib3.connectionpool -> Starting new HTTPS connection (1): dictionary.cambridge.org:443
2022-05-01 01:24:41,040:urllib3.connectionpool -> https://dictionary.cambridge.org:443 "GET /dictionary/english-chinese-traditional/find HTTP/1.1" 200 None
2022-05-01 01:24:41,113:scrdraw.contentWindow -> <class 'scrdraw.contentWindow.cambridgeDict'> get info successfully
2022-05-01 01:24:47,407:root -> Application starting
2022-05-01 01:24:50,548:scrdraw.contentWindow -> <class 'scrdraw.contentWindow.cambridgeDict'> updating word
2022-05-01 01:24:50,549:urllib3.connectionpool -> Starting new HTTPS connection (1): dictionary.cambridge.org:443
2022-05-01 01:24:51,009:urllib3.connectionpool -> https://dictionary.cambridge.org:443 "GET /dictionary/english-chinese-traditional/un HTTP/1.1" 302 0
2022-05-01 01:24:51,282:urllib3.connectionpool -> https://dictionary.cambridge.org:443 "GET /dictionary/english-chinese-traditional/the-un?q=un HTTP/1.1" 200 None
2022-05-01 01:24:51,342:scrdraw.contentWindow -> <class 'scrdraw.contentWindow.cambridgeDict'> get info successfully
2022-05-01 01:24:51,342:scrdraw.contentWindow -> Successfully display new word "un" 
2022-05-01 01:24:51,342:urllib3.connectionpool -> Starting new HTTPS connection (1): www.freecollocation.com:443
2022-05-01 01:24:51,739:urllib3.connectionpool -> https://www.freecollocation.com:443 "GET /search?word= HTTP/1.1" 301 0
2022-05-01 01:24:51,740:urllib3.connectionpool -> Starting new HTTP connection (1): www.freecollocation.com:80
2022-05-01 01:24:52,101:urllib3.connectionpool -> http://www.freecollocation.com:80 "GET / HTTP/1.1" 302 0
2022-05-01 01:24:52,327:urllib3.connectionpool -> https://www.freecollocation.com:443 "GET / HTTP/1.1" 200 None
2022-05-01 01:24:54,984:root -> Application starting
2022-05-01 01:24:56,968:scrdraw.contentWindow -> <class 'scrdraw.contentWindow.cambridgeDict'> updating word
2022-05-01 01:24:56,969:urllib3.connectionpool -> Starting new HTTPS connection (1): dictionary.cambridge.org:443
2022-05-01 01:24:57,631:urllib3.connectionpool -> https://dictionary.cambridge.org:443 "GET /dictionary/english-chinese-traditional/run HTTP/1.1" 200 None
2022-05-01 01:24:57,869:scrdraw.contentWindow -> <class 'scrdraw.contentWindow.cambridgeDict'> get info successfully
2022-05-01 01:25:07,369:root -> Application starting
2022-05-01 01:25:11,660:scrdraw.contentWindow -> <class 'scrdraw.contentWindow.cambridgeDict'> updating word
2022-05-01 01:25:11,660:urllib3.connectionpool -> Starting new HTTPS connection (1): dictionary.cambridge.org:443
2022-05-01 01:25:12,318:urllib3.connectionpool -> https://dictionary.cambridge.org:443 "GET /dictionary/english-chinese-traditional/seek HTTP/1.1" 200 None
2022-05-01 01:25:12,427:scrdraw.contentWindow -> <class 'scrdraw.contentWindow.cambridgeDict'> get info successfully
2022-05-01 01:25:12,438:scrdraw.contentWindow -> Successfully display new word "seek" 
2022-05-01 01:25:12,439:urllib3.connectionpool -> Starting new HTTPS connection (1): www.freecollocation.com:443
2022-05-01 01:25:12,837:urllib3.connectionpool -> https://www.freecollocation.com:443 "GET /search?word= HTTP/1.1" 301 0
2022-05-01 01:25:12,837:urllib3.connectionpool -> Starting new HTTP connection (1): www.freecollocation.com:80
2022-05-01 01:25:13,123:urllib3.connectionpool -> http://www.freecollocation.com:80 "GET / HTTP/1.1" 302 0
2022-05-01 01:25:13,400:urllib3.connectionpool -> https://www.freecollocation.com:443 "GET / HTTP/1.1" 200 None
2022-05-01 01:25:32,634:root -> Application starting
2022-05-01 01:25:34,337:scrdraw.contentWindow -> <class 'scrdraw.contentWindow.cambridgeDict'> updating word
2022-05-01 01:25:34,341:urllib3.connectionpool -> Starting new HTTPS connection (1): dictionary.cambridge.org:443
2022-05-01 01:25:35,111:urllib3.connectionpool -> https://dictionary.cambridge.org:443 "GET /dictionary/english-chinese-traditional/seek HTTP/1.1" 200 None
2022-05-01 01:25:35,169:scrdraw.contentWindow -> <class 'scrdraw.contentWindow.cambridgeDict'> get info successfully
2022-05-01 01:25:35,171:scrdraw.contentWindow -> Successfully display new word "seek" 
2022-05-01 01:25:35,173:urllib3.connectionpool -> Starting new HTTPS connection (1): www.freecollocation.com:443
2022-05-01 01:25:35,626:urllib3.connectionpool -> https://www.freecollocation.com:443 "GET /search?word= HTTP/1.1" 301 0
2022-05-01 01:25:35,626:urllib3.connectionpool -> Starting new HTTP connection (1): www.freecollocation.com:80
2022-05-01 01:25:35,919:urllib3.connectionpool -> http://www.freecollocation.com:80 "GET / HTTP/1.1" 302 0
2022-05-01 01:25:36,133:urllib3.connectionpool -> https://www.freecollocation.com:443 "GET / HTTP/1.1" 200 None
2022-05-01 01:25:51,198:root -> Application starting
2022-05-01 01:26:03,566:scrdraw.contentWindow -> <class 'scrdraw.contentWindow.cambridgeDict'> updating word
2022-05-01 01:26:03,566:urllib3.connectionpool -> Starting new HTTPS connection (1): dictionary.cambridge.org:443
2022-05-01 01:26:04,298:urllib3.connectionpool -> https://dictionary.cambridge.org:443 "GET /dictionary/english-chinese-traditional/ HTTP/1.1" 200 None
2022-05-01 01:26:04,344:root -> No body found
2022-05-01 01:26:06,188:root -> Application starting
2022-05-01 01:26:08,029:scrdraw.contentWindow -> <class 'scrdraw.contentWindow.cambridgeDict'> updating word
2022-05-01 01:26:08,034:urllib3.connectionpool -> Starting new HTTPS connection (1): dictionary.cambridge.org:443
2022-05-01 01:26:08,696:urllib3.connectionpool -> https://dictionary.cambridge.org:443 "GET /dictionary/english-chinese-traditional/seek HTTP/1.1" 200 None
2022-05-01 01:26:08,757:scrdraw.contentWindow -> <class 'scrdraw.contentWindow.cambridgeDict'> get info successfully
2022-05-01 01:26:08,757:scrdraw.contentWindow -> Successfully display new word "seek" 
2022-05-01 01:26:08,769:urllib3.connectionpool -> Starting new HTTPS connection (1): www.freecollocation.com:443
2022-05-01 01:26:09,157:urllib3.connectionpool -> https://www.freecollocation.com:443 "GET /search?word= HTTP/1.1" 301 0
2022-05-01 01:26:09,157:urllib3.connectionpool -> Starting new HTTP connection (1): www.freecollocation.com:80
2022-05-01 01:26:09,441:urllib3.connectionpool -> http://www.freecollocation.com:80 "GET / HTTP/1.1" 302 0
2022-05-01 01:26:09,669:urllib3.connectionpool -> https://www.freecollocation.com:443 "GET / HTTP/1.1" 200 None
2022-05-01 01:27:19,462:root -> Application starting
2022-05-01 01:27:22,543:scrdraw.contentWindow -> <class 'scrdraw.contentWindow.cambridgeDict'> updating word
2022-05-01 01:27:22,544:urllib3.connectionpool -> Starting new HTTPS connection (1): dictionary.cambridge.org:443
2022-05-01 01:27:23,373:urllib3.connectionpool -> https://dictionary.cambridge.org:443 "GET /dictionary/english-chinese-traditional/seek HTTP/1.1" 200 None
2022-05-01 01:27:23,420:scrdraw.contentWindow -> <class 'scrdraw.contentWindow.cambridgeDict'> get info successfully
2022-05-01 01:27:23,429:scrdraw.contentWindow -> Successfully display new word "seek" 
2022-05-01 01:27:23,429:urllib3.connectionpool -> Starting new HTTPS connection (1): www.freecollocation.com:443
2022-05-01 01:27:23,852:urllib3.connectionpool -> https://www.freecollocation.com:443 "GET /search?word=seek HTTP/1.1" 200 None
2022-05-01 01:27:23,866:scrdraw.contentWindow -> push update word to dicts
2022-05-01 01:27:30,534:root -> Application starting
2022-05-01 01:27:33,551:scrdraw.contentWindow -> <class 'scrdraw.contentWindow.cambridgeDict'> updating word
2022-05-01 01:27:33,552:urllib3.connectionpool -> Starting new HTTPS connection (1): dictionary.cambridge.org:443
2022-05-01 01:27:35,560:urllib3.connectionpool -> https://dictionary.cambridge.org:443 "GET /dictionary/english-chinese-traditional/find HTTP/1.1" 200 None
2022-05-01 01:27:36,929:scrdraw.contentWindow -> <class 'scrdraw.contentWindow.cambridgeDict'> get info successfully
2022-05-01 01:27:39,202:root -> Application starting
2022-05-01 01:27:43,408:scrdraw.contentWindow -> <class 'scrdraw.contentWindow.cambridgeDict'> updating word
2022-05-01 01:27:43,409:urllib3.connectionpool -> Starting new HTTPS connection (1): dictionary.cambridge.org:443
2022-05-01 01:27:44,071:urllib3.connectionpool -> https://dictionary.cambridge.org:443 "GET /dictionary/english-chinese-traditional/eek HTTP/1.1" 200 None
2022-05-01 01:27:44,165:scrdraw.contentWindow -> <class 'scrdraw.contentWindow.cambridgeDict'> get info successfully
2022-05-01 01:27:44,165:scrdraw.contentWindow -> Successfully display new word "eek" 
2022-05-01 01:27:44,178:urllib3.connectionpool -> Starting new HTTPS connection (1): www.freecollocation.com:443
2022-05-01 01:27:44,792:urllib3.connectionpool -> https://www.freecollocation.com:443 "GET /search?word=eek HTTP/1.1" 200 None
2022-05-01 01:27:46,655:root -> Application starting
2022-05-01 01:27:48,998:scrdraw.contentWindow -> <class 'scrdraw.contentWindow.cambridgeDict'> updating word
2022-05-01 01:27:49,004:urllib3.connectionpool -> Starting new HTTPS connection (1): dictionary.cambridge.org:443
2022-05-01 01:27:49,684:urllib3.connectionpool -> https://dictionary.cambridge.org:443 "GET /dictionary/english-chinese-traditional/seek HTTP/1.1" 200 None
2022-05-01 01:27:49,815:scrdraw.contentWindow -> <class 'scrdraw.contentWindow.cambridgeDict'> get info successfully
2022-05-01 01:27:49,815:scrdraw.contentWindow -> Successfully display new word "seek" 
2022-05-01 01:27:49,815:urllib3.connectionpool -> Starting new HTTPS connection (1): www.freecollocation.com:443
2022-05-01 01:27:50,190:urllib3.connectionpool -> https://www.freecollocation.com:443 "GET /search?word=seek HTTP/1.1" 200 None
2022-05-01 01:27:50,190:scrdraw.contentWindow -> push update word to dicts
2022-05-01 01:30:14,497:scrdraw.contentWindow -> <class 'scrdraw.contentWindow.cambridgeDict'> updating word
2022-05-01 01:30:14,498:urllib3.connectionpool -> Starting new HTTPS connection (1): dictionary.cambridge.org:443
2022-05-01 01:30:15,183:urllib3.connectionpool -> https://dictionary.cambridge.org:443 "GET /dictionary/english-chinese-traditional/ HTTP/1.1" 200 None
2022-05-01 01:30:15,267:root -> No body found
2022-05-01 01:30:16,626:root -> Application starting
2022-05-01 01:30:18,862:scrdraw.contentWindow -> <class 'scrdraw.contentWindow.cambridgeDict'> updating word
2022-05-01 01:30:18,867:urllib3.connectionpool -> Starting new HTTPS connection (1): dictionary.cambridge.org:443
2022-05-01 01:30:19,474:urllib3.connectionpool -> https://dictionary.cambridge.org:443 "GET /dictionary/english-chinese-traditional/seek HTTP/1.1" 200 None
2022-05-01 01:30:19,535:scrdraw.contentWindow -> <class 'scrdraw.contentWindow.cambridgeDict'> get info successfully
2022-05-01 01:30:19,535:scrdraw.contentWindow -> Successfully display new word "seek" 
2022-05-01 01:30:19,535:urllib3.connectionpool -> Starting new HTTPS connection (1): www.freecollocation.com:443
2022-05-01 01:30:19,991:urllib3.connectionpool -> https://www.freecollocation.com:443 "GET /search?word=seek HTTP/1.1" 200 None
2022-05-01 01:30:19,993:scrdraw.contentWindow -> push update word to dicts
2022-05-01 01:30:34,946:root -> Application starting
2022-05-01 01:30:36,424:scrdraw.contentWindow -> <class 'scrdraw.contentWindow.cambridgeDict'> updating word
2022-05-01 01:30:36,425:urllib3.connectionpool -> Starting new HTTPS connection (1): dictionary.cambridge.org:443
2022-05-01 01:30:37,099:urllib3.connectionpool -> https://dictionary.cambridge.org:443 "GET /dictionary/english-chinese-traditional/hello HTTP/1.1" 200 None
2022-05-01 01:30:37,181:scrdraw.contentWindow -> <class 'scrdraw.contentWindow.cambridgeDict'> get info successfully
2022-05-01 01:30:37,181:scrdraw.contentWindow -> Successfully display new word "hello" 
2022-05-01 01:30:37,188:urllib3.connectionpool -> Starting new HTTPS connection (1): www.freecollocation.com:443
2022-05-01 01:30:37,507:urllib3.connectionpool -> https://www.freecollocation.com:443 "GET /search?word=hello HTTP/1.1" 200 None
2022-05-01 01:30:39,009:root -> Application starting
2022-05-01 01:30:43,351:scrdraw.contentWindow -> <class 'scrdraw.contentWindow.cambridgeDict'> updating word
2022-05-01 01:30:43,351:urllib3.connectionpool -> Starting new HTTPS connection (1): dictionary.cambridge.org:443
2022-05-01 01:30:43,996:urllib3.connectionpool -> https://dictionary.cambridge.org:443 "GET /dictionary/english-chinese-traditional/seek HTTP/1.1" 200 None
2022-05-01 01:30:44,118:scrdraw.contentWindow -> <class 'scrdraw.contentWindow.cambridgeDict'> get info successfully
2022-05-01 01:30:44,130:scrdraw.contentWindow -> Successfully display new word "seek" 
2022-05-01 01:30:44,130:urllib3.connectionpool -> Starting new HTTPS connection (1): www.freecollocation.com:443
2022-05-01 01:30:44,576:urllib3.connectionpool -> https://www.freecollocation.com:443 "GET /search?word=seek HTTP/1.1" 200 None
2022-05-01 01:30:44,588:scrdraw.contentWindow -> push update word to dicts
2022-05-01 01:31:15,961:root -> Application starting
2022-05-01 01:31:18,264:scrdraw.contentWindow -> <class 'scrdraw.contentWindow.cambridgeDict'> updating word
2022-05-01 01:31:18,268:urllib3.connectionpool -> Starting new HTTPS connection (1): dictionary.cambridge.org:443
2022-05-01 01:31:18,966:urllib3.connectionpool -> https://dictionary.cambridge.org:443 "GET /dictionary/english-chinese-traditional/seek HTTP/1.1" 200 None
2022-05-01 01:31:19,038:scrdraw.contentWindow -> <class 'scrdraw.contentWindow.cambridgeDict'> get info successfully
2022-05-01 01:31:19,038:scrdraw.contentWindow -> Successfully display new word "seek" 
2022-05-01 01:31:28,378:root -> Application starting
2022-05-01 01:31:30,097:scrdraw.contentWindow -> <class 'scrdraw.contentWindow.cambridgeDict'> updating word
2022-05-01 01:31:30,098:urllib3.connectionpool -> Starting new HTTPS connection (1): dictionary.cambridge.org:443
2022-05-01 01:31:31,082:urllib3.connectionpool -> https://dictionary.cambridge.org:443 "GET /dictionary/english-chinese-traditional/seek HTTP/1.1" 200 None
2022-05-01 01:31:31,228:scrdraw.contentWindow -> <class 'scrdraw.contentWindow.cambridgeDict'> get info successfully
2022-05-01 01:31:31,228:scrdraw.contentWindow -> Successfully display new word "seek" 
2022-05-01 01:31:31,239:urllib3.connectionpool -> Starting new HTTPS connection (1): www.freecollocation.com:443
2022-05-01 01:31:31,599:urllib3.connectionpool -> https://www.freecollocation.com:443 "GET /search?word=seek HTTP/1.1" 200 None
2022-05-01 01:31:31,613:scrdraw.contentWindow -> push update word to dicts
2022-05-01 01:31:52,628:root -> Application starting
2022-05-01 01:31:55,016:scrdraw.contentWindow -> <class 'scrdraw.contentWindow.cambridgeDict'> updating word
2022-05-01 01:31:55,017:urllib3.connectionpool -> Starting new HTTPS connection (1): dictionary.cambridge.org:443
2022-05-01 01:31:55,725:urllib3.connectionpool -> https://dictionary.cambridge.org:443 "GET /dictionary/english-chinese-traditional/seek HTTP/1.1" 200 None
2022-05-01 01:31:55,799:scrdraw.contentWindow -> <class 'scrdraw.contentWindow.cambridgeDict'> get info successfully
2022-05-01 01:31:55,799:scrdraw.contentWindow -> Successfully display new word "seek" 
2022-05-01 01:31:55,810:urllib3.connectionpool -> Starting new HTTPS connection (1): www.freecollocation.com:443
2022-05-01 01:31:56,172:urllib3.connectionpool -> https://www.freecollocation.com:443 "GET /search?word=seek HTTP/1.1" 200 None
2022-05-01 01:31:56,172:scrdraw.contentWindow -> push update word to dicts
2022-05-01 01:41:00,554:root -> Application starting
2022-05-01 01:41:02,299:scrdraw.contentWindow -> <class 'scrdraw.contentWindow.cambridgeDict'> updating word
2022-05-01 01:41:02,307:urllib3.connectionpool -> Starting new HTTPS connection (1): dictionary.cambridge.org:443
2022-05-01 01:41:03,168:urllib3.connectionpool -> https://dictionary.cambridge.org:443 "GET /dictionary/english-chinese-traditional/hello HTTP/1.1" 200 None
2022-05-01 01:41:03,227:scrdraw.contentWindow -> <class 'scrdraw.contentWindow.cambridgeDict'> get info successfully
2022-05-01 01:41:03,230:scrdraw.contentWindow -> Successfully display new word "hello" 
2022-05-01 01:41:03,230:urllib3.connectionpool -> Starting new HTTPS connection (1): www.freecollocation.com:443
2022-05-01 01:41:03,684:urllib3.connectionpool -> https://www.freecollocation.com:443 "GET /search?word=hello HTTP/1.1" 200 None
2022-05-01 01:41:37,332:root -> Application starting
2022-05-01 01:41:39,797:scrdraw.contentWindow -> <class 'scrdraw.contentWindow.cambridgeDict'> updating word
2022-05-01 01:41:39,803:urllib3.connectionpool -> Starting new HTTPS connection (1): dictionary.cambridge.org:443
2022-05-01 01:41:40,466:urllib3.connectionpool -> https://dictionary.cambridge.org:443 "GET /dictionary/english-chinese-traditional/seek HTTP/1.1" 200 None
2022-05-01 01:41:40,535:scrdraw.contentWindow -> <class 'scrdraw.contentWindow.cambridgeDict'> get info successfully
2022-05-01 01:41:40,536:scrdraw.contentWindow -> Successfully display new word "seek" 
2022-05-01 01:41:40,542:urllib3.connectionpool -> Starting new HTTPS connection (1): www.freecollocation.com:443
2022-05-01 01:41:40,852:urllib3.connectionpool -> https://www.freecollocation.com:443 "GET /search?word=seek HTTP/1.1" 200 None
2022-05-01 01:41:40,861:scrdraw.contentWindow -> push update word to dicts
2022-05-01 01:42:29,682:scrdraw.contentWindow -> <class 'scrdraw.contentWindow.cambridgeDict'> updating word
2022-05-01 01:42:29,688:urllib3.connectionpool -> Starting new HTTPS connection (1): dictionary.cambridge.org:443
2022-05-01 01:42:30,723:urllib3.connectionpool -> https://dictionary.cambridge.org:443 "GET /dictionary/english-chinese-traditional/ HTTP/1.1" 200 None
2022-05-01 01:42:30,776:root -> No body found
2022-05-01 01:42:33,039:root -> Application starting
2022-05-01 01:42:35,408:scrdraw.contentWindow -> <class 'scrdraw.contentWindow.cambridgeDict'> updating word
2022-05-01 01:42:35,413:urllib3.connectionpool -> Starting new HTTPS connection (1): dictionary.cambridge.org:443
2022-05-01 01:42:36,145:urllib3.connectionpool -> https://dictionary.cambridge.org:443 "GET /dictionary/english-chinese-traditional/seek HTTP/1.1" 200 None
2022-05-01 01:42:36,198:scrdraw.contentWindow -> <class 'scrdraw.contentWindow.cambridgeDict'> get info successfully
2022-05-01 01:42:36,200:scrdraw.contentWindow -> Successfully display new word "seek" 
2022-05-01 01:43:01,887:root -> Application starting
2022-05-01 01:43:04,297:scrdraw.contentWindow -> <class 'scrdraw.contentWindow.cambridgeDict'> updating word
2022-05-01 01:43:04,304:urllib3.connectionpool -> Starting new HTTPS connection (1): dictionary.cambridge.org:443
2022-05-01 01:43:05,870:urllib3.connectionpool -> https://dictionary.cambridge.org:443 "GET /dictionary/english-chinese-traditional/seek HTTP/1.1" 200 None
2022-05-01 01:43:06,142:scrdraw.contentWindow -> <class 'scrdraw.contentWindow.cambridgeDict'> get info successfully
2022-05-01 01:43:06,144:scrdraw.contentWindow -> Successfully display new word "seek" 
2022-05-01 01:43:06,150:urllib3.connectionpool -> Starting new HTTPS connection (1): www.freecollocation.com:443
2022-05-01 01:43:06,501:urllib3.connectionpool -> https://www.freecollocation.com:443 "GET /search?word=seek HTTP/1.1" 200 None
2022-05-01 01:43:06,510:scrdraw.contentWindow -> push update word to dicts
2022-05-01 01:43:47,063:scrdraw.contentWindow -> <class 'scrdraw.contentWindow.cambridgeDict'> updating word
2022-05-01 01:43:47,069:urllib3.connectionpool -> Starting new HTTPS connection (1): dictionary.cambridge.org:443
2022-05-01 01:43:47,762:urllib3.connectionpool -> https://dictionary.cambridge.org:443 "GET /dictionary/english-chinese-traditional/ HTTP/1.1" 200 None
2022-05-01 01:43:47,818:root -> No body found
2022-05-01 01:43:49,233:root -> Application starting
2022-05-01 01:43:51,187:scrdraw.contentWindow -> <class 'scrdraw.contentWindow.cambridgeDict'> updating word
2022-05-01 01:43:51,193:urllib3.connectionpool -> Starting new HTTPS connection (1): dictionary.cambridge.org:443
2022-05-01 01:43:51,831:urllib3.connectionpool -> https://dictionary.cambridge.org:443 "GET /dictionary/english-chinese-traditional/seek HTTP/1.1" 200 None
2022-05-01 01:43:51,985:scrdraw.contentWindow -> <class 'scrdraw.contentWindow.cambridgeDict'> get info successfully
2022-05-01 01:43:51,986:scrdraw.contentWindow -> Successfully display new word "seek" 
2022-05-01 01:43:51,990:urllib3.connectionpool -> Starting new HTTPS connection (1): www.freecollocation.com:443
2022-05-01 01:43:52,574:urllib3.connectionpool -> https://www.freecollocation.com:443 "GET /search?word=seek HTTP/1.1" 200 None
2022-05-01 01:47:25,432:root -> Application starting
2022-05-01 01:47:42,039:root -> Application starting
2022-05-01 01:47:44,587:scrdraw.contentWindow -> <class 'scrdraw.contentWindow.cambridgeDict'> updating word
2022-05-01 01:47:44,594:urllib3.connectionpool -> Starting new HTTPS connection (1): dictionary.cambridge.org:443
2022-05-01 01:47:45,236:urllib3.connectionpool -> https://dictionary.cambridge.org:443 "GET /dictionary/english-chinese-traditional/seek HTTP/1.1" 200 None
2022-05-01 01:47:45,348:scrdraw.contentWindow -> <class 'scrdraw.contentWindow.cambridgeDict'> get info successfully
2022-05-01 01:47:45,349:scrdraw.contentWindow -> Successfully display new word "seek" 
2022-05-01 01:47:45,354:urllib3.connectionpool -> Starting new HTTPS connection (1): www.freecollocation.com:443
2022-05-01 01:47:45,753:urllib3.connectionpool -> https://www.freecollocation.com:443 "GET /search?word=seek HTTP/1.1" 200 None
2022-05-01 01:48:04,597:root -> Application starting
2022-05-01 01:48:07,875:scrdraw.contentWindow -> <class 'scrdraw.contentWindow.cambridgeDict'> updating word
2022-05-01 01:48:07,881:urllib3.connectionpool -> Starting new HTTPS connection (1): dictionary.cambridge.org:443
2022-05-01 01:48:08,649:urllib3.connectionpool -> https://dictionary.cambridge.org:443 "GET /dictionary/english-chinese-traditional/seek HTTP/1.1" 200 None
2022-05-01 01:48:08,821:scrdraw.contentWindow -> <class 'scrdraw.contentWindow.cambridgeDict'> get info successfully
2022-05-01 01:48:08,823:scrdraw.contentWindow -> Successfully display new word "seek" 
2022-05-01 01:48:08,828:urllib3.connectionpool -> Starting new HTTPS connection (1): www.freecollocation.com:443
2022-05-01 01:48:09,184:urllib3.connectionpool -> https://www.freecollocation.com:443 "GET /search?word=seek HTTP/1.1" 200 None
2022-05-01 01:48:20,391:root -> Application starting
2022-05-01 01:48:21,973:scrdraw.contentWindow -> <class 'scrdraw.contentWindow.cambridgeDict'> updating word
2022-05-01 01:48:21,981:urllib3.connectionpool -> Starting new HTTPS connection (1): dictionary.cambridge.org:443
2022-05-01 01:48:22,670:urllib3.connectionpool -> https://dictionary.cambridge.org:443 "GET /dictionary/english-chinese-traditional/seek HTTP/1.1" 200 None
2022-05-01 01:48:22,739:scrdraw.contentWindow -> <class 'scrdraw.contentWindow.cambridgeDict'> get info successfully
2022-05-01 01:48:22,740:scrdraw.contentWindow -> Successfully display new word "seek" 
2022-05-01 01:48:22,745:urllib3.connectionpool -> Starting new HTTPS connection (1): www.freecollocation.com:443
2022-05-01 01:48:23,088:urllib3.connectionpool -> https://www.freecollocation.com:443 "GET /search?word=seek HTTP/1.1" 200 None
2022-05-01 01:48:23,094:scrdraw.contentWindow -> push update word to dicts
2022-05-01 01:52:36,754:root -> Application starting
2022-05-01 01:52:39,803:scrdraw.contentWindow -> <class 'scrdraw.contentWindow.cambridgeDict'> updating word
2022-05-01 01:52:39,812:urllib3.connectionpool -> Starting new HTTPS connection (1): dictionary.cambridge.org:443
2022-05-01 01:52:40,449:urllib3.connectionpool -> https://dictionary.cambridge.org:443 "GET /dictionary/english-chinese-traditional/seek HTTP/1.1" 200 None
2022-05-01 01:52:40,516:scrdraw.contentWindow -> <class 'scrdraw.contentWindow.cambridgeDict'> get info successfully
2022-05-01 01:52:40,518:scrdraw.contentWindow -> Successfully display new word "seek" 
2022-05-01 01:52:40,525:urllib3.connectionpool -> Starting new HTTPS connection (1): www.freecollocation.com:443
2022-05-01 01:52:40,875:urllib3.connectionpool -> https://www.freecollocation.com:443 "GET /search?word=seek HTTP/1.1" 200 None
2022-05-01 01:52:40,930:scrdraw.contentWindow -> push update word to dicts
2022-05-04 00:35:25,910:root -> Application starting
2022-05-04 00:35:27,740:scrdraw.contentWindow -> <class 'scrdraw.contentWindow.cambridgeDict'> updating word
2022-05-04 00:35:27,746:urllib3.connectionpool -> Starting new HTTPS connection (1): dictionary.cambridge.org:443
2022-05-04 00:35:28,560:urllib3.connectionpool -> https://dictionary.cambridge.org:443 "GET /dictionary/english-chinese-traditional/hello HTTP/1.1" 200 None
2022-05-04 00:35:28,640:scrdraw.contentWindow -> <class 'scrdraw.contentWindow.cambridgeDict'> get info successfully
2022-05-04 00:35:28,640:scrdraw.contentWindow -> Successfully display new word "hello" 
2022-05-04 00:35:28,650:urllib3.connectionpool -> Starting new HTTPS connection (1): www.freecollocation.com:443
2022-05-04 00:35:29,010:urllib3.connectionpool -> https://www.freecollocation.com:443 "GET /search?word=hello HTTP/1.1" 200 None
2022-05-04 00:35:34,510:root -> Application starting
2022-05-04 00:35:36,870:scrdraw.contentWindow -> <class 'scrdraw.contentWindow.cambridgeDict'> updating word
2022-05-04 00:35:36,870:urllib3.connectionpool -> Starting new HTTPS connection (1): dictionary.cambridge.org:443
2022-05-04 00:35:37,610:urllib3.connectionpool -> https://dictionary.cambridge.org:443 "GET /dictionary/english-chinese-traditional/find HTTP/1.1" 200 None
2022-05-04 00:35:37,675:scrdraw.contentWindow -> <class 'scrdraw.contentWindow.cambridgeDict'> get info successfully
2022-05-04 00:35:41,550:root -> Application starting
2022-05-04 00:35:46,068:scrdraw.contentWindow -> <class 'scrdraw.contentWindow.cambridgeDict'> updating word
2022-05-04 00:35:46,076:urllib3.connectionpool -> Starting new HTTPS connection (1): dictionary.cambridge.org:443
2022-05-04 00:35:46,984:urllib3.connectionpool -> https://dictionary.cambridge.org:443 "GET /dictionary/english-chinese-traditional/return HTTP/1.1" 200 None
2022-05-04 00:35:47,170:scrdraw.contentWindow -> <class 'scrdraw.contentWindow.cambridgeDict'> get info successfully
2022-05-04 00:35:50,800:root -> Application starting
2022-05-04 00:35:53,630:scrdraw.contentWindow -> <class 'scrdraw.contentWindow.cambridgeDict'> updating word
2022-05-04 00:35:53,630:urllib3.connectionpool -> Starting new HTTPS connection (1): dictionary.cambridge.org:443
2022-05-04 00:35:54,260:urllib3.connectionpool -> https://dictionary.cambridge.org:443 "GET /dictionary/english-chinese-traditional/find HTTP/1.1" 200 None
2022-05-04 00:35:54,340:scrdraw.contentWindow -> <class 'scrdraw.contentWindow.cambridgeDict'> get info successfully
2022-05-04 00:36:03,591:root -> Application starting
2022-05-04 00:36:06,435:scrdraw.contentWindow -> <class 'scrdraw.contentWindow.cambridgeDict'> updating word
2022-05-04 00:36:06,443:urllib3.connectionpool -> Starting new HTTPS connection (1): dictionary.cambridge.org:443
2022-05-04 00:36:07,161:urllib3.connectionpool -> https://dictionary.cambridge.org:443 "GET /dictionary/english-chinese-traditional/see HTTP/1.1" 200 None
2022-05-04 00:36:07,257:scrdraw.contentWindow -> <class 'scrdraw.contentWindow.cambridgeDict'> get info successfully
2022-05-04 00:36:09,020:root -> Application starting
2022-05-04 00:36:11,327:scrdraw.contentWindow -> <class 'scrdraw.contentWindow.cambridgeDict'> updating word
2022-05-04 00:36:11,333:urllib3.connectionpool -> Starting new HTTPS connection (1): dictionary.cambridge.org:443
2022-05-04 00:36:11,795:urllib3.connectionpool -> https://dictionary.cambridge.org:443 "GET /dictionary/english-chinese-traditional/ome HTTP/1.1" 302 0
2022-05-04 00:36:12,081:urllib3.connectionpool -> https://dictionary.cambridge.org:443 "GET /dictionary/english-chinese-traditional/ HTTP/1.1" 200 None
2022-05-04 00:36:12,119:root -> No body found
2022-05-04 00:36:13,456:root -> Application starting
2022-05-04 00:36:14,947:scrdraw.contentWindow -> <class 'scrdraw.contentWindow.cambridgeDict'> updating word
2022-05-04 00:36:14,955:urllib3.connectionpool -> Starting new HTTPS connection (1): dictionary.cambridge.org:443
2022-05-04 00:36:15,576:urllib3.connectionpool -> https://dictionary.cambridge.org:443 "GET /dictionary/english-chinese-traditional/come HTTP/1.1" 200 None
2022-05-04 00:36:15,666:scrdraw.contentWindow -> <class 'scrdraw.contentWindow.cambridgeDict'> get info successfully
2022-05-04 00:36:19,096:root -> Application starting
2022-05-04 00:36:22,630:scrdraw.contentWindow -> <class 'scrdraw.contentWindow.cambridgeDict'> updating word
2022-05-04 00:36:22,635:urllib3.connectionpool -> Starting new HTTPS connection (1): dictionary.cambridge.org:443
2022-05-04 00:36:23,386:urllib3.connectionpool -> https://dictionary.cambridge.org:443 "GET /dictionary/english-chinese-traditional/reset HTTP/1.1" 200 None
2022-05-04 00:36:23,480:scrdraw.contentWindow -> <class 'scrdraw.contentWindow.cambridgeDict'> get info successfully
2022-05-04 00:36:23,482:scrdraw.contentWindow -> Successfully display new word "reset" 
2022-05-04 00:36:23,486:urllib3.connectionpool -> Starting new HTTPS connection (1): www.freecollocation.com:443
2022-05-04 00:36:23,850:urllib3.connectionpool -> https://www.freecollocation.com:443 "GET /search?word=reset HTTP/1.1" 200 None
2022-05-04 00:37:00,465:root -> Application starting
2022-05-04 00:37:02,312:scrdraw.contentWindow -> <class 'scrdraw.contentWindow.cambridgeDict'> updating word
2022-05-04 00:37:02,318:urllib3.connectionpool -> Starting new HTTPS connection (1): dictionary.cambridge.org:443
2022-05-04 00:37:03,170:urllib3.connectionpool -> https://dictionary.cambridge.org:443 "GET /dictionary/english-chinese-traditional/lose HTTP/1.1" 200 None
2022-05-04 00:37:03,260:scrdraw.contentWindow -> <class 'scrdraw.contentWindow.cambridgeDict'> get info successfully
2022-05-04 00:37:26,706:root -> Application starting
2022-05-04 00:37:28,798:scrdraw.contentWindow -> <class 'scrdraw.contentWindow.cambridgeDict'> updating word
2022-05-04 00:37:28,805:urllib3.connectionpool -> Starting new HTTPS connection (1): dictionary.cambridge.org:443
2022-05-04 00:37:29,498:urllib3.connectionpool -> https://dictionary.cambridge.org:443 "GET /dictionary/english-chinese-traditional/kind HTTP/1.1" 200 None
2022-05-04 00:37:29,561:scrdraw.contentWindow -> <class 'scrdraw.contentWindow.cambridgeDict'> get info successfully
2022-05-04 00:37:29,564:scrdraw.contentWindow -> Successfully display new word "kind" 
2022-05-04 00:37:29,569:urllib3.connectionpool -> Starting new HTTPS connection (1): www.freecollocation.com:443
2022-05-04 00:37:30,030:urllib3.connectionpool -> https://www.freecollocation.com:443 "GET /search?word=kind HTTP/1.1" 200 None
2022-05-04 00:37:57,687:root -> Application starting
2022-05-04 00:37:59,468:scrdraw.contentWindow -> <class 'scrdraw.contentWindow.cambridgeDict'> updating word
2022-05-04 00:37:59,476:urllib3.connectionpool -> Starting new HTTPS connection (1): dictionary.cambridge.org:443
2022-05-04 00:38:00,215:urllib3.connectionpool -> https://dictionary.cambridge.org:443 "GET /dictionary/english-chinese-traditional/kind HTTP/1.1" 200 None
2022-05-04 00:38:00,290:scrdraw.contentWindow -> <class 'scrdraw.contentWindow.cambridgeDict'> get info successfully
2022-05-04 00:38:00,294:scrdraw.contentWindow -> Successfully display new word "kind" 
2022-05-04 00:38:00,298:urllib3.connectionpool -> Starting new HTTPS connection (1): www.freecollocation.com:443
2022-05-04 00:38:00,616:urllib3.connectionpool -> https://www.freecollocation.com:443 "GET /search?word=kind HTTP/1.1" 200 None
2022-05-04 00:38:00,629:scrdraw.contentWindow -> push update word to dicts
2022-05-04 00:38:45,896:root -> Application starting
2022-05-04 00:38:47,441:urllib3.connectionpool -> Starting new HTTPS connection (1): www.freecollocation.com:443
2022-05-04 00:38:47,848:urllib3.connectionpool -> https://www.freecollocation.com:443 "GET /search?word=kind HTTP/1.1" 200 None
2022-05-04 00:38:47,857:scrdraw.contentWindow -> push update word to dicts
2022-05-04 00:38:57,444:urllib3.connectionpool -> Starting new HTTPS connection (1): www.freecollocation.com:443
2022-05-04 00:38:57,889:urllib3.connectionpool -> https://www.freecollocation.com:443 "GET /search?word= HTTP/1.1" 301 0
2022-05-04 00:38:57,892:urllib3.connectionpool -> Starting new HTTP connection (1): www.freecollocation.com:80
2022-05-04 00:38:58,172:urllib3.connectionpool -> http://www.freecollocation.com:80 "GET / HTTP/1.1" 302 0
2022-05-04 00:38:58,390:urllib3.connectionpool -> https://www.freecollocation.com:443 "GET / HTTP/1.1" 200 None
2022-05-04 00:39:00,153:root -> Application starting
2022-05-04 00:39:02,032:scrdraw.contentWindow -> <class 'scrdraw.contentWindow.cambridgeDict'> updating word
2022-05-04 00:39:02,039:urllib3.connectionpool -> Starting new HTTPS connection (1): dictionary.cambridge.org:443
2022-05-04 00:39:02,709:urllib3.connectionpool -> https://dictionary.cambridge.org:443 "GET /dictionary/english-chinese-traditional/kind HTTP/1.1" 200 None
2022-05-04 00:39:02,775:scrdraw.contentWindow -> <class 'scrdraw.contentWindow.cambridgeDict'> get info successfully
2022-05-04 00:39:02,777:scrdraw.contentWindow -> Successfully display new word "kind" 
2022-05-04 00:39:02,782:urllib3.connectionpool -> Starting new HTTPS connection (1): www.freecollocation.com:443
2022-05-04 00:39:03,189:urllib3.connectionpool -> https://www.freecollocation.com:443 "GET /search?word=kind HTTP/1.1" 200 None
2022-05-04 00:39:03,195:scrdraw.contentWindow -> push update word to dicts
2022-05-04 00:40:50,576:root -> Application starting
2022-05-04 00:40:57,903:scrdraw.contentWindow -> <class 'scrdraw.contentWindow.cambridgeDict'> updating word
2022-05-04 00:40:57,911:urllib3.connectionpool -> Starting new HTTPS connection (1): dictionary.cambridge.org:443
2022-05-04 00:40:58,598:urllib3.connectionpool -> https://dictionary.cambridge.org:443 "GET /dictionary/english-chinese-traditional/come HTTP/1.1" 200 None
2022-05-04 00:40:58,706:scrdraw.contentWindow -> <class 'scrdraw.contentWindow.cambridgeDict'> get info successfully
2022-05-04 00:41:16,999:root -> Application starting
2022-05-04 00:41:18,707:urllib3.connectionpool -> Starting new HTTPS connection (1): www.freecollocation.com:443
2022-05-04 00:41:19,181:urllib3.connectionpool -> https://www.freecollocation.com:443 "GET /search?word=kind HTTP/1.1" 200 None
2022-05-04 00:41:32,741:root -> Application starting
2022-05-04 00:41:37,926:urllib3.connectionpool -> Starting new HTTPS connection (1): www.freecollocation.com:443
2022-05-04 00:41:38,340:urllib3.connectionpool -> https://www.freecollocation.com:443 "GET /search?word=find HTTP/1.1" 200 None
2022-05-04 00:41:40,138:root -> Application starting
2022-05-04 00:41:42,401:urllib3.connectionpool -> Starting new HTTPS connection (1): www.freecollocation.com:443
2022-05-04 00:41:42,777:urllib3.connectionpool -> https://www.freecollocation.com:443 "GET /search?word=eep HTTP/1.1" 200 None
2022-05-04 00:41:44,417:root -> Application starting
2022-05-04 00:41:46,293:urllib3.connectionpool -> Starting new HTTPS connection (1): www.freecollocation.com:443
2022-05-04 00:41:46,626:urllib3.connectionpool -> https://www.freecollocation.com:443 "GET /search?word=deep HTTP/1.1" 200 None
2022-05-04 00:42:38,357:root -> Application starting
2022-05-04 00:42:57,102:root -> Application starting
2022-05-04 00:43:01,192:urllib3.connectionpool -> Starting new HTTPS connection (1): www.freecollocation.com:443
2022-05-04 00:43:01,682:urllib3.connectionpool -> https://www.freecollocation.com:443 "GET /search?word=come HTTP/1.1" 200 None
2022-05-04 00:43:19,540:root -> Application starting
2022-05-04 00:43:21,093:urllib3.connectionpool -> Starting new HTTPS connection (1): www.freecollocation.com:443
2022-05-04 00:43:21,548:urllib3.connectionpool -> https://www.freecollocation.com:443 "GET /search?word=find HTTP/1.1" 200 None
2022-05-04 00:43:21,559:scrdraw.contentWindow -> push update word to dicts
